#
# A fatal error has been detected by the Java Runtime Environment:
#
#  EXCEPTION_ACCESS_VIOLATION (0xc0000005) at pc=0x00007ffbb88137b4, pid=3092, tid=0x0000000000003bd8
#
# JRE version: Java(TM) SE Runtime Environment (8.0_201-b09) (build 1.8.0_201-b09)
# Java VM: Java HotSpot(TM) 64-Bit Server VM (25.201-b09 mixed mode windows-amd64 compressed oops)
# Problematic frame:
# C  [jmtp.dll+0x37b4]
#
# Failed to write core dump. Minidumps are not enabled by default on client versions of Windows
#
# If you would like to submit a bug report, please visit:
#   http://bugreport.java.com/bugreport/crash.jsp
# The crash happened outside the Java Virtual Machine in native code.
# See problematic frame for where to report the bug.
#

---------------  T H R E A D  ---------------

Current thread (0x0000000003043800):  JavaThread "main" [_thread_in_native, id=15320, stack(0x0000000002d40000,0x0000000002e40000)]

siginfo: ExceptionCode=0xc0000005, reading address 0x0000000000000030

Registers:
RAX=0x0000000020733ae0, RBX=0x00000000030439f8, RCX=0x0000000020733ae0, RDX=0x0000000000000000
RSP=0x0000000002e3f220, RBP=0x0000000002e3f2b0, RSI=0x000000076b690750, RDI=0x000000076b690750
R8 =0x0000000000000004, R9 =0x0000000002d37ad0, R10=0x000000001c6188d0, R11=0x0000000002e3f1e0
R12=0x0000000000000000, R13=0x0000000002e3f330, R14=0x0000000000000000, R15=0x0000000003043800
RIP=0x00007ffbb88137b4, EFLAGS=0x0000000000010206

Top of Stack: (sp=0x0000000002e3f220)
0x0000000002e3f220:   00000000030439f8 000000076af937a0
0x0000000002e3f230:   000000001edba900 0000000000000004
0x0000000002e3f240:   000000001c640ac8 000000000328bc79
0x0000000002e3f250:   000000076af939c8 000000076b804d80
0x0000000002e3f260:   0000000002e3f2d8 0000000003147e40
0x0000000002e3f270:   000000076b690750 000000000000000a
0x0000000002e3f280:   000000076af936f0 0000000000000000
0x0000000002e3f290:   0000000000000000 0000000002e3f288
0x0000000002e3f2a0:   000000001c31c196 0000000002e3f300
0x0000000002e3f2b0:   0000000002e3f380 0000000003296f24
0x0000000002e3f2c0:   000000076af89c48 000000076afa0ab8
0x0000000002e3f2d0:   000000076af939c8 0000000002e3f3d8
0x0000000002e3f2e0:   00000000032b379c 000000076b690730
0x0000000002e3f2f0:   000000076b49a0c8 000000076b804040
0x0000000002e3f300:   0000000002e3f3d8 00000000032b37c4
0x0000000002e3f310:   0000000002e3f380 0000000003148180 

Instructions: (pc=0x00007ffbb88137b4)
0x00007ffbb8813794:   3b 00 00 48 83 c4 68 5f 5e c3 cc cc 40 53 48 83
0x00007ffbb88137a4:   ec 20 48 8b d9 e8 a2 fe ff ff 48 8b c8 48 8b 10
0x00007ffbb88137b4:   ff 52 30 85 c0 79 17 44 8b c0 48 8d 15 5b 68 00
0x00007ffbb88137c4:   00 48 8b cb 48 83 c4 20 5b e9 4e db ff ff 48 83 


Register to memory mapping:

RAX=0x0000000020733ae0 is an unknown value
RBX=0x00000000030439f8 is an unknown value
RCX=0x0000000020733ae0 is an unknown value
RDX=0x0000000000000000 is an unknown value
RSP=0x0000000002e3f220 is pointing into the stack for thread: 0x0000000003043800
RBP=0x0000000002e3f2b0 is pointing into the stack for thread: 0x0000000003043800
RSI=0x000000076b690750 is an oop
jmtp.PortableDeviceKeyCollectionImplWin32 
 - klass: 'jmtp/PortableDeviceKeyCollectionImplWin32'
RDI=0x000000076b690750 is an oop
jmtp.PortableDeviceKeyCollectionImplWin32 
 - klass: 'jmtp/PortableDeviceKeyCollectionImplWin32'
R8 =0x0000000000000004 is an unknown value
R9 =0x0000000002d37ad0 is an unknown value
R10={method} {0x000000001c6188d8} 'getMemoryAddress' '()J' in 'be/derycke/pieter/com/COMReference'
R11=0x0000000002e3f1e0 is pointing into the stack for thread: 0x0000000003043800
R12=0x0000000000000000 is an unknown value
R13=0x0000000002e3f330 is pointing into the stack for thread: 0x0000000003043800
R14=0x0000000000000000 is an unknown value
R15=0x0000000003043800 is a thread


Stack: [0x0000000002d40000,0x0000000002e40000],  sp=0x0000000002e3f220,  free space=1020k
Native frames: (J=compiled Java code, j=interpreted, Vv=VM code, C=native code)
C  [jmtp.dll+0x37b4]
C  0x000000000328bc79

Java frames: (J=compiled Java code, j=interpreted, Vv=VM code)
J 135  jmtp.PortableDeviceKeyCollectionImplWin32.clear()V (0 bytes) @ 0x000000000328bbfb [0x000000000328bbc0+0x3b]
J 155 C1 jmtp.PortableDeviceObjectImplWin32.retrieveStringValue(Ljmtp/PropertyKey;)Ljava/lang/String; (76 bytes) @ 0x0000000003296f24 [0x0000000003296e80+0xa4]
j  jmtp.PortableDeviceObjectImplWin32.getName()Ljava/lang/String;+4
j  pacapp.Transfer.restore()V+277
j  pacapp.TransferTest.main([Ljava/lang/String;)V+74
v  ~StubRoutines::call_stub

---------------  P R O C E S S  ---------------

Java Threads: ( => current thread )
  0x000000001ea09800 JavaThread "SIGINT handler" daemon [_thread_blocked, id=8012, stack(0x0000000020d10000,0x0000000020e10000)]
  0x000000001ecd5800 JavaThread "Service Thread" daemon [_thread_blocked, id=7984, stack(0x000000001fcf0000,0x000000001fdf0000)]
  0x000000001ec2a000 JavaThread "C1 CompilerThread3" daemon [_thread_blocked, id=17744, stack(0x000000001fbf0000,0x000000001fcf0000)]
  0x000000001ec29000 JavaThread "C2 CompilerThread2" daemon [_thread_blocked, id=7676, stack(0x000000001faf0000,0x000000001fbf0000)]
  0x000000001ec23800 JavaThread "C2 CompilerThread1" daemon [_thread_blocked, id=6188, stack(0x000000001f9f0000,0x000000001faf0000)]
  0x000000001ec20800 JavaThread "C2 CompilerThread0" daemon [_thread_blocked, id=1260, stack(0x000000001f8f0000,0x000000001f9f0000)]
  0x000000001ea08800 JavaThread "JDWP Event Helper Thread" daemon [_thread_blocked, id=18164, stack(0x000000001f3b0000,0x000000001f4b0000)]
  0x000000001e9f3000 JavaThread "Attach Listener" daemon [_thread_blocked, id=18360, stack(0x000000001f1b0000,0x000000001f2b0000)]
  0x000000001e9f2000 JavaThread "Signal Dispatcher" daemon [_thread_blocked, id=3900, stack(0x000000001f0b0000,0x000000001f1b0000)]
  0x000000001e9e1000 JavaThread "Finalizer" daemon [_thread_blocked, id=1912, stack(0x000000001eec0000,0x000000001efc0000)]
  0x000000001e9e0800 JavaThread "Reference Handler" daemon [_thread_blocked, id=18508, stack(0x000000001edc0000,0x000000001eec0000)]
=>0x0000000003043800 JavaThread "main" [_thread_in_native, id=15320, stack(0x0000000002d40000,0x0000000002e40000)]

Other Threads:
  0x000000001cbd9800 VMThread [stack: 0x000000001e8c0000,0x000000001e9c0000] [id=7284]
  0x000000001ed3b000 WatcherThread [stack: 0x000000001fdf0000,0x000000001fef0000] [id=11764]

VM state:not at safepoint (normal execution)

VM Mutex/Monitor currently owned by a thread: None

heap address: 0x00000006c0e00000, size: 4082 MB, Compressed Oops mode: Zero based, Oop shift amount: 3
Narrow klass base: 0x0000000000000000, Narrow klass shift: 3
Compressed class space size: 1073741824 Address: 0x00000007c0000000

Heap:
 PSYoungGen      total 76288K, used 13286K [0x000000076af80000, 0x0000000770480000, 0x00000007c0000000)
  eden space 65536K, 20% used [0x000000076af80000,0x000000076bc79b88,0x000000076ef80000)
  from space 10752K, 0% used [0x000000076fa00000,0x000000076fa00000,0x0000000770480000)
  to   space 10752K, 0% used [0x000000076ef80000,0x000000076ef80000,0x000000076fa00000)
 ParOldGen       total 175104K, used 0K [0x00000006c0e00000, 0x00000006cb900000, 0x000000076af80000)
  object space 175104K, 0% used [0x00000006c0e00000,0x00000006c0e00000,0x00000006cb900000)
 Metaspace       used 4289K, capacity 4916K, committed 5120K, reserved 1056768K
  class space    used 465K, capacity 496K, committed 512K, reserved 1048576K

Card table byte_map: [0x0000000012500000,0x0000000012d00000] byte_map_base: 0x000000000eef9000

Marking Bits: (ParMarkBitMap*) 0x0000000077f74ce0
 Begin Bits: [0x0000000013a60000, 0x0000000017a28000)
 End Bits:   [0x0000000017a28000, 0x000000001b9f0000)

Polling page: 0x0000000002cd0000

CodeCache: size=245760Kb used=1530Kb max_used=1530Kb free=244229Kb
 bounds [0x0000000003140000, 0x00000000033b0000, 0x0000000012140000]
 total_blobs=488 nmethods=218 adapters=191
 compilation: enabled

Compilation events (10 events):
Event: 139.465 Thread 0x000000001ec2a000  212  s    3       java.io.BufferedOutputStream::write (67 bytes)
Event: 139.466 Thread 0x000000001ec2a000 nmethod 212 0x00000000032bc2d0 code [0x00000000032bc4a0, 0x00000000032bcd18]
Event: 139.466 Thread 0x000000001ec2a000  214   !   3       sun.nio.cs.StreamEncoder::write (78 bytes)
Event: 139.466 Thread 0x000000001ec2a000 nmethod 214 0x00000000032bd010 code [0x00000000032bd1e0, 0x00000000032bd988]
Event: 139.510 Thread 0x000000001ec2a000  216       3       java.util.HashMap$HashIterator::nextNode (100 bytes)
Event: 139.510 Thread 0x000000001ec2a000 nmethod 216 0x00000000032be1d0 code [0x00000000032be380, 0x00000000032be858]
Event: 139.510 Thread 0x000000001ec2a000  215       3       java.util.HashMap$HashIterator::hasNext (13 bytes)
Event: 139.511 Thread 0x000000001ec2a000 nmethod 215 0x00000000032bead0 code [0x00000000032bec20, 0x00000000032bedd0]
Event: 139.511 Thread 0x000000001ec2a000  217       3       java.util.HashMap$KeyIterator::next (8 bytes)
Event: 139.511 Thread 0x000000001ec2a000 nmethod 217 0x00000000032bee50 code [0x00000000032befc0, 0x00000000032bf1e8]

GC Heap History (0 events):
No events

Deoptimization events (0 events):
No events

Classes redefined (0 events):
No events

Internal exceptions (6 events):
Event: 0.045 Thread 0x0000000003043800 Exception <a 'java/lang/NoSuchMethodError': Method sun.misc.Unsafe.defineClass(Ljava/lang/String;[BII)Ljava/lang/Class; name or signature does not match> (0x000000076af87cb0) thrown at [C:\re\workspace\8-2-build-windows-amd64-cygwin\jdk8u201\12322\hotspot
Event: 0.045 Thread 0x0000000003043800 Exception <a 'java/lang/NoSuchMethodError': Method sun.misc.Unsafe.prefetchRead(Ljava/lang/Object;J)V name or signature does not match> (0x000000076af87f98) thrown at [C:\re\workspace\8-2-build-windows-amd64-cygwin\jdk8u201\12322\hotspot\src\share\vm\prim
Event: 0.164 Thread 0x0000000003043800 Exception <a 'java/security/PrivilegedActionException'> (0x000000076b0b4cf0) thrown at [C:\re\workspace\8-2-build-windows-amd64-cygwin\jdk8u201\12322\hotspot\src\share\vm\prims\jvm.cpp, line 1502]
Event: 0.164 Thread 0x0000000003043800 Exception <a 'java/security/PrivilegedActionException'> (0x000000076b0b4f00) thrown at [C:\re\workspace\8-2-build-windows-amd64-cygwin\jdk8u201\12322\hotspot\src\share\vm\prims\jvm.cpp, line 1502]
Event: 0.165 Thread 0x0000000003043800 Exception <a 'java/security/PrivilegedActionException'> (0x000000076b0b8e10) thrown at [C:\re\workspace\8-2-build-windows-amd64-cygwin\jdk8u201\12322\hotspot\src\share\vm\prims\jvm.cpp, line 1502]
Event: 0.165 Thread 0x0000000003043800 Exception <a 'java/security/PrivilegedActionException'> (0x000000076b0b9020) thrown at [C:\re\workspace\8-2-build-windows-amd64-cygwin\jdk8u201\12322\hotspot\src\share\vm\prims\jvm.cpp, line 1502]

Events (10 events):
Event: 139.507 Thread 0x000000001ea09800 Thread added: 0x000000001ea09800
Event: 139.507 loading class java/util/IdentityHashMap$KeySet
Event: 139.508 loading class java/util/IdentityHashMap$KeySet done
Event: 139.508 loading class java/util/IdentityHashMap$KeyIterator
Event: 139.508 loading class java/util/IdentityHashMap$IdentityHashMapIterator
Event: 139.508 loading class java/util/IdentityHashMap$IdentityHashMapIterator done
Event: 139.508 loading class java/util/IdentityHashMap$KeyIterator done
Event: 139.508 Thread 0x000000001ec6f800 Thread added: 0x000000001ec6f800
Event: 139.515 Thread 0x000000001ec6f800 Thread exited: 0x000000001ec6f800
Event: 139.515 loading class java/util/ArrayList$Itr


Dynamic libraries:
0x00007ff76a7c0000 - 0x00007ff76a7f7000 	C:\Program Files\Java\jdk1.8.0_201\bin\java.exe
0x00007ffbcba90000 - 0x00007ffbcbc71000 	C:\WINDOWS\SYSTEM32\ntdll.dll
0x00007ffbca950000 - 0x00007ffbcaa02000 	C:\WINDOWS\System32\KERNEL32.DLL
0x00007ffbc8030000 - 0x00007ffbc82a3000 	C:\WINDOWS\System32\KERNELBASE.dll
0x00007ffbca5b0000 - 0x00007ffbca651000 	C:\WINDOWS\System32\ADVAPI32.dll
0x00007ffbc90b0000 - 0x00007ffbc914e000 	C:\WINDOWS\System32\msvcrt.dll
0x00007ffbcaee0000 - 0x00007ffbcaf3b000 	C:\WINDOWS\System32\sechost.dll
0x00007ffbca660000 - 0x00007ffbca784000 	C:\WINDOWS\System32\RPCRT4.dll
0x00007ffbc8f20000 - 0x00007ffbc90b0000 	C:\WINDOWS\System32\USER32.dll
0x00007ffbc7e60000 - 0x00007ffbc7e80000 	C:\WINDOWS\System32\win32u.dll
0x00007ffbca920000 - 0x00007ffbca948000 	C:\WINDOWS\System32\GDI32.dll
0x00007ffbc8d80000 - 0x00007ffbc8f12000 	C:\WINDOWS\System32\gdi32full.dll
0x00007ffbc8a40000 - 0x00007ffbc8adf000 	C:\WINDOWS\System32\msvcp_win.dll
0x00007ffbc7f30000 - 0x00007ffbc8028000 	C:\WINDOWS\System32\ucrtbase.dll
0x00007ffbbf430000 - 0x00007ffbbf699000 	C:\WINDOWS\WinSxS\amd64_microsoft.windows.common-controls_6595b64144ccf1df_6.0.17134.648_none_fb45a0e93062a6d2\COMCTL32.dll
0x00007ffbcb120000 - 0x00007ffbcb442000 	C:\WINDOWS\System32\combase.dll
0x00007ffbc89c0000 - 0x00007ffbc8a3a000 	C:\WINDOWS\System32\bcryptPrimitives.dll
0x00007ffbca790000 - 0x00007ffbca7bd000 	C:\WINDOWS\System32\IMM32.DLL
0x00007ffbc6fa0000 - 0x00007ffbc6fd1000 	C:\WINDOWS\SYSTEM32\ntmarta.dll
0x00007ffbc7cd0000 - 0x00007ffbc7d00000 	C:\WINDOWS\SYSTEM32\SspiCli.dll
0x00000000516c0000 - 0x0000000051791000 	C:\Program Files\Java\jdk1.8.0_201\jre\bin\msvcr100.dll
0x0000000077750000 - 0x0000000077ff4000 	C:\Program Files\Java\jdk1.8.0_201\jre\bin\server\jvm.dll
0x00007ffbcb4f0000 - 0x00007ffbcb4f8000 	C:\WINDOWS\System32\PSAPI.DLL
0x00007ffbc4cc0000 - 0x00007ffbc4cc9000 	C:\WINDOWS\SYSTEM32\WSOCK32.dll
0x00007ffbcae70000 - 0x00007ffbcaedc000 	C:\WINDOWS\System32\WS2_32.dll
0x00007ffbc3ff0000 - 0x00007ffbc4013000 	C:\WINDOWS\SYSTEM32\WINMM.dll
0x00007ffbc2fa0000 - 0x00007ffbc2faa000 	C:\WINDOWS\SYSTEM32\VERSION.dll
0x00007ffbc3fa0000 - 0x00007ffbc3fca000 	C:\WINDOWS\SYSTEM32\WINMMBASE.dll
0x00007ffbc8b40000 - 0x00007ffbc8b89000 	C:\WINDOWS\System32\cfgmgr32.dll
0x00007ffbc4c50000 - 0x00007ffbc4c5f000 	C:\Program Files\Java\jdk1.8.0_201\jre\bin\verify.dll
0x00007ffbc4c20000 - 0x00007ffbc4c49000 	C:\Program Files\Java\jdk1.8.0_201\jre\bin\java.dll
0x00007ffbb3af0000 - 0x00007ffbb3b25000 	C:\Program Files\Java\jdk1.8.0_201\jre\bin\jdwp.dll
0x00007ffbc34e0000 - 0x00007ffbc34e8000 	C:\Program Files\Java\jdk1.8.0_201\jre\bin\npt.dll
0x00007ffbb7540000 - 0x00007ffbb7563000 	C:\Program Files\Java\jdk1.8.0_201\jre\bin\instrument.dll
0x00007ffbc0700000 - 0x00007ffbc0716000 	C:\Program Files\Java\jdk1.8.0_201\jre\bin\zip.dll
0x00007ffbc9150000 - 0x00007ffbca590000 	C:\WINDOWS\System32\SHELL32.dll
0x00007ffbcb9b0000 - 0x00007ffbcba59000 	C:\WINDOWS\System32\shcore.dll
0x00007ffbc82b0000 - 0x00007ffbc89bd000 	C:\WINDOWS\System32\windows.storage.dll
0x00007ffbcaae0000 - 0x00007ffbcab31000 	C:\WINDOWS\System32\shlwapi.dll
0x00007ffbc7e40000 - 0x00007ffbc7e51000 	C:\WINDOWS\System32\kernel.appcore.dll
0x00007ffbc7e20000 - 0x00007ffbc7e3f000 	C:\WINDOWS\System32\profapi.dll
0x00007ffbc7da0000 - 0x00007ffbc7dec000 	C:\WINDOWS\System32\powrprof.dll
0x00007ffbc7df0000 - 0x00007ffbc7dfa000 	C:\WINDOWS\System32\FLTLIB.DLL
0x00007ffbc0690000 - 0x00007ffbc0699000 	C:\Program Files\Java\jdk1.8.0_201\jre\bin\dt_socket.dll
0x00007ffbc7620000 - 0x00007ffbc7686000 	C:\WINDOWS\system32\mswsock.dll
0x00007ffbc77e0000 - 0x00007ffbc77f7000 	C:\WINDOWS\SYSTEM32\CRYPTSP.dll
0x00007ffbc7200000 - 0x00007ffbc7233000 	C:\WINDOWS\system32\rsaenh.dll
0x00007ffbc7900000 - 0x00007ffbc7925000 	C:\WINDOWS\SYSTEM32\bcrypt.dll
0x00007ffbc7ca0000 - 0x00007ffbc7cc8000 	C:\WINDOWS\SYSTEM32\USERENV.dll
0x00007ffbc77d0000 - 0x00007ffbc77db000 	C:\WINDOWS\SYSTEM32\CRYPTBASE.dll
0x00007ffbc0600000 - 0x00007ffbc061a000 	C:\Program Files\Java\jdk1.8.0_201\jre\bin\net.dll
0x00007ffbbe690000 - 0x00007ffbbe858000 	C:\WINDOWS\SYSTEM32\urlmon.dll
0x00007ffbbea10000 - 0x00007ffbbecb5000 	C:\WINDOWS\SYSTEM32\iertutil.dll
0x00007ffbc73a0000 - 0x00007ffbc73d8000 	C:\WINDOWS\SYSTEM32\IPHLPAPI.DLL
0x00007ffbcaf40000 - 0x00007ffbcaf48000 	C:\WINDOWS\System32\NSI.dll
0x00007ffbb90a0000 - 0x00007ffbb90b6000 	C:\WINDOWS\SYSTEM32\dhcpcsvc6.DLL
0x00007ffbb9080000 - 0x00007ffbb909a000 	C:\WINDOWS\SYSTEM32\dhcpcsvc.DLL
0x00007ffbc05e0000 - 0x00007ffbc05f1000 	C:\Program Files\Java\jdk1.8.0_201\jre\bin\nio.dll
0x00007ffbb8810000 - 0x00007ffbb8825000 	C:\Users\quinc\Github\Projects\PAC\src\Libraries\jmtp.dll
0x00007ffbca7c0000 - 0x00007ffbca911000 	C:\WINDOWS\System32\ole32.dll
0x00007ffbcaa10000 - 0x00007ffbcaad3000 	C:\WINDOWS\System32\OLEAUT32.dll
0x00007ffbae1a0000 - 0x00007ffbae23b000 	C:\WINDOWS\SYSTEM32\MSVCP140.dll
0x00007ffbae180000 - 0x00007ffbae196000 	C:\WINDOWS\SYSTEM32\VCRUNTIME140.dll
0x00007ffbcb450000 - 0x00007ffbcb4f0000 	C:\WINDOWS\System32\clbcatq.dll
0x00007ffbc3920000 - 0x00007ffbc39bc000 	C:\Windows\System32\PortableDeviceApi.dll
0x00007ffbcb560000 - 0x00007ffbcb9ab000 	C:\WINDOWS\System32\SETUPAPI.dll
0x00007ffbc7bb0000 - 0x00007ffbc7bd7000 	C:\WINDOWS\System32\DEVOBJ.dll
0x00007ffb91cb0000 - 0x00007ffb91ce0000 	C:\Windows\System32\PortableDeviceTypes.dll
0x00007ffbc3de0000 - 0x00007ffbc3f94000 	C:\Windows\System32\PROPSYS.dll
0x00007ffbc8ae0000 - 0x00007ffbc8b37000 	C:\WINDOWS\System32\WINTRUST.dll
0x00007ffbc7e00000 - 0x00007ffbc7e12000 	C:\WINDOWS\System32\MSASN1.dll
0x00007ffbc8b90000 - 0x00007ffbc8d72000 	C:\WINDOWS\System32\CRYPT32.dll
0x00007ffbb5e40000 - 0x00007ffbb6009000 	C:\WINDOWS\SYSTEM32\dbghelp.dll

VM Arguments:
jvm_args: -agentlib:jdwp=transport=dt_socket,address=127.0.0.1:53941,suspend=y,server=n -Djava.library.path=C:\Users\quinc\Github\Projects\PAC\src\Libraries -javaagent:C:\Users\quinc\.IntelliJIdea2018.3\system\captureAgent\debugger-agent.jar -Dfile.encoding=UTF-8 
java_command: pacapp.TransferTest
java_class_path (initial): C:\Program Files\Java\jdk1.8.0_201\jre\lib\charsets.jar;C:\Program Files\Java\jdk1.8.0_201\jre\lib\deploy.jar;C:\Program Files\Java\jdk1.8.0_201\jre\lib\ext\access-bridge-64.jar;C:\Program Files\Java\jdk1.8.0_201\jre\lib\ext\cldrdata.jar;C:\Program Files\Java\jdk1.8.0_201\jre\lib\ext\dnsns.jar;C:\Program Files\Java\jdk1.8.0_201\jre\lib\ext\jaccess.jar;C:\Program Files\Java\jdk1.8.0_201\jre\lib\ext\jfxrt.jar;C:\Program Files\Java\jdk1.8.0_201\jre\lib\ext\localedata.jar;C:\Program Files\Java\jdk1.8.0_201\jre\lib\ext\nashorn.jar;C:\Program Files\Java\jdk1.8.0_201\jre\lib\ext\sunec.jar;C:\Program Files\Java\jdk1.8.0_201\jre\lib\ext\sunjce_provider.jar;C:\Program Files\Java\jdk1.8.0_201\jre\lib\ext\sunmscapi.jar;C:\Program Files\Java\jdk1.8.0_201\jre\lib\ext\sunpkcs11.jar;C:\Program Files\Java\jdk1.8.0_201\jre\lib\ext\zipfs.jar;C:\Program Files\Java\jdk1.8.0_201\jre\lib\javaws.jar;C:\Program Files\Java\jdk1.8.0_201\jre\lib\jce.jar;C:\Program Files\Java\jdk1.8.0_201\jre\lib\jfr.jar;C:\Program Files\Java\jdk1.8.0_201\jre\lib\jfxswt.jar;C:\Program Files\Java\jdk1.8.0_201\jre\lib\jmtp.jar;C:\Program Files\Java\jdk1.8.0_201\jre\lib\jsse.jar;C:\Program Files\Java\jdk1.8.0_201\jre\lib\management-agent.jar;C:\Program Files\Java\jdk1.8.0_201\jre\lib\plugin.jar;C:\Program Files\Java\jdk1.8.0_201\jre\lib\resources.jar;C:\Program Files\Java\jdk1.8.0_201\jre\lib\rt.jar;C:\Users\quinc\Github\Projects\PAC\src\transfere\out\production\PAC;C:\Users\quinc\Github\Projects\PAC\src\Libraries\jdom-1.0.jar;C:\Users\quinc\Github\Projects\PAC\src\Libraries\jmtp.jar;C:\Users\quinc\Github\Projects\PAC\src\Libraries\json-20180813.jar;C:\Users\quinc\Github\Projects\PAC\src\Libraries\rome-1.0.jar;C:\Users\quinc\Github\Projects\PAC\src\Libraries\sqlite-jdbc-3.23.1.jar;C:\Users\quinc\Github\Projects\PAC\src\Libraries\tika-app-1.20.jar;C:\Program Files\JetBrains\IntelliJ IDEA 2018.3.3\lib\idea_rt.jar;C:\Users\quinc\.IntelliJIdea2018.3\system\captureAgent\debugger-agent.jar
Launcher Type: SUN_STANDARD

Environment Variables:
PATH=C:\Program Files (x86)\Common Files\Oracle\Java\javapath;C:\Program Files (x86)\Intel\iCLS Client\;C:\Program Files\Intel\iCLS Client\;C:\ProgramData\Oracle\Java\javapath;C:\WINDOWS\system32;C:\WINDOWS;C:\WINDOWS\System32\Wbem;C:\WINDOWS\System32\WindowsPowerShell\v1.0\;C:\Program Files (x86)\Intel\Intel(R) Management Engine Components\DAL;C:\Program Files\Intel\Intel(R) Management Engine Components\DAL;C:\Program Files (x86)\Intel\Intel(R) Management Engine Components\IPT;C:\Program Files\Intel\Intel(R) Management Engine Components\IPT;C:\Program Files (x86)\NVIDIA Corporation\PhysX\Common;C:\Program Files\Git\cmd;C:\WINDOWS\system32;C:\WINDOWS;C:\WINDOWS\System32\Wbem;C:\WINDOWS\System32\WindowsPowerShell\v1.0\;C:\Program Files\dotnet\;C:\WINDOWS\System32\OpenSSH\;D:\Program Files\PuTTY\;C:\Program Files\NVIDIA Corporation\NVIDIA NvDLISR;C:\Program Files\NVIDIA Corporation\NVIDIA NGX;C:\Users\quinc\AppData\Local\Microsoft\WindowsApps;C:\Users\quinc\AppData\Local\Microsoft\WindowsApps;C:\Users\quinc\AppData\Local\GitHubDesktop\bin;C:\Users\quinc\AppData\Local\atom\bin
USERNAME=quinc
OS=Windows_NT
PROCESSOR_IDENTIFIER=Intel64 Family 6 Model 60 Stepping 3, GenuineIntel



---------------  S Y S T E M  ---------------

OS: Windows 10.0 , 64 bit Build 17134 (10.0.17134.648)

CPU:total 8 (initial active 8) (4 cores per cpu, 2 threads per core) family 6 model 60 stepping 3, cmov, cx8, fxsr, mmx, sse, sse2, sse3, ssse3, sse4.1, sse4.2, popcnt, avx, avx2, aes, clmul, erms, lzcnt, ht, tsc, tscinvbit, bmi1, bmi2

Memory: 4k page, physical 16719840k(9100808k free), swap 19210208k(8686684k free)

vm_info: Java HotSpot(TM) 64-Bit Server VM (25.201-b09) for windows-amd64 JRE (1.8.0_201-b09), built on Dec 15 2018 18:36:39 by "java_re" with MS VC++ 10.0 (VS2010)

time: Wed Apr 10 00:33:31 2019
timezone: Eastern Daylight Time
elapsed time: 139 seconds (0d 0h 2m 19s)

