#
# A fatal error has been detected by the Java Runtime Environment:
#
#  EXCEPTION_ACCESS_VIOLATION (0xc0000005) at pc=0x00007ffc4fb1df23, pid=3196, tid=0x0000000000001438
#
# JRE version: Java(TM) SE Runtime Environment (8.0_181-b13) (build 1.8.0_181-b13)
# Java VM: Java HotSpot(TM) 64-Bit Server VM (25.181-b13 mixed mode windows-amd64 compressed oops)
# Problematic frame:
# C  [ntdll.dll+0x4df23]
#
# Failed to write core dump. Minidumps are not enabled by default on client versions of Windows
#
# If you would like to submit a bug report, please visit:
#   http://bugreport.java.com/bugreport/crash.jsp
# The crash happened outside the Java Virtual Machine in native code.
# See problematic frame for where to report the bug.
#

---------------  T H R E A D  ---------------

Current thread (0x0000000002a83800):  JavaThread "main" [_thread_in_native, id=5176, stack(0x0000000002780000,0x0000000002880000)]

siginfo: ExceptionCode=0xc0000005, writing address 0x0000000000000024

Registers:
RAX=0xffffffffffffffff, RBX=0x000000001a21a070, RCX=0x0000000000000000, RDX=0xffffffffffffffff
RSP=0x000000000287f250, RBP=0x0000000000000001, RSI=0x0000000000000000, RDI=0x0000000000000000
R8 =0x00000000fffffffa, R9 =0x0000000000f68100, R10=0x0000000017178000, R11=0x000000000287f350
R12=0x0000000000000000, R13=0xffffffffffffffff, R14=0x0000000000af8000, R15=0x0000000000000000
RIP=0x00007ffc4fb1df23, EFLAGS=0x0000000000010213

Top of Stack: (sp=0x000000000287f250)
0x000000000287f250:   ffffffffffffffff 000000001a21a070
0x000000000287f260:   0000ef1c0bb1e43e 0000000051b7bb96
0x000000000287f270:   000000010006e020 00000000176b8ac8
0x000000000287f280:   0000000002a83800 0000000000000001
0x000000000287f290:   000000000287f4e0 0000000000000000
0x000000000287f2a0:   0000000000000000 00000000d6293400
0x000000000287f2b0:   0000000000000001 00007ffc4fad9bbc
0x000000000287f2c0:   0000000019200500 00000000fffffffa
0x000000000287f2d0:   0000000000af8000 000000001a21a070
0x000000000287f2e0:   000000010006e020 00007ffc4fad9ad0
0x000000000287f2f0:   000000000287f370 000000000287f420
0x000000000287f300:   00000000d6293428 00000000d6293428
0x000000000287f310:   00000000176b8ad0 00007ffc45413fd5
0x000000000287f320:   000000005204a668 0000000002acc490
0x000000000287f330:   0000000002a83800 000000000000000b
0x000000000287f340:   000000001a21a000 00007ffc45416e07 

Instructions: (pc=0x00007ffc4fb1df23)
0x00007ffc4fb1df03:   45 f7 48 39 7b 18 0f 84 bc 00 00 00 48 8b 0b 49
0x00007ffc4fb1df13:   3b cd 0f 84 bd 00 00 00 44 8b e7 49 3b cd 74 03
0x00007ffc4fb1df23:   ff 41 24 4c 8b 6b 18 48 8d 2d c7 15 11 00 45 33
0x00007ffc4fb1df33:   f6 e8 47 4b fc ff 85 c0 0f 85 87 df 06 00 b9 82 


Register to memory mapping:

RAX=0xffffffffffffffff is an unknown value
RBX=0x000000001a21a070 is an unknown value
RCX=0x0000000000000000 is an unknown value
RDX=0xffffffffffffffff is an unknown value
RSP=0x000000000287f250 is pointing into the stack for thread: 0x0000000002a83800
RBP=0x0000000000000001 is an unknown value
RSI=0x0000000000000000 is an unknown value
RDI=0x0000000000000000 is an unknown value
R8 =0x00000000fffffffa is an unallocated location in the heap
R9 =0x0000000000f68100 is an unknown value
R10=0x0000000017178000 is pointing into metadata
R11=0x000000000287f350 is pointing into the stack for thread: 0x0000000002a83800
R12=0x0000000000000000 is an unknown value
R13=0xffffffffffffffff is an unknown value
R14=0x0000000000af8000 is an unknown value
R15=0x0000000000000000 is an unknown value


Stack: [0x0000000002780000,0x0000000002880000],  sp=0x000000000287f250,  free space=1020k
Native frames: (J=compiled Java code, j=interpreted, Vv=VM code, C=native code)
C  [ntdll.dll+0x4df23]
C  [ntdll.dll+0x9bbc]
C  [ntdll.dll+0x9ad0]
C  [PortableDeviceTypes.dll+0x3fd5]
C  [PortableDeviceTypes.dll+0x6e07]
C  [jmtp64.dll+0x37b7]
C  0x0000000002ccce79

Java frames: (J=compiled Java code, j=interpreted, Vv=VM code)
J 139  jmtp.PortableDeviceKeyCollectionImplWin32.clear()V (0 bytes) @ 0x0000000002cccdfb [0x0000000002cccdc0+0x3b]
J 150 C1 jmtp.PortableDeviceObjectImplWin32.retrieveStringValue(Ljmtp/PropertyKey;)Ljava/lang/String; (76 bytes) @ 0x0000000002cd351c [0x0000000002cd3480+0x9c]
J 149 C1 jmtp.PortableDeviceObjectImplWin32.getOriginalFileName()Ljava/lang/String; (8 bytes) @ 0x0000000002cd2d0c [0x0000000002cd2c00+0x10c]
j  pacapp.Transfer.setTargetFolder(Ljava/lang/String;Ljmtp/PortableDevice;)Ljmtp/PortableDeviceFolderObject;+80
j  recurRestore(Ljava/io/File;)V+76
j  pacapp.Transfer.restore()V+67
j  pacapp.TransferTest.main([Ljava/lang/String;)V+74
v  ~StubRoutines::call_stub

---------------  P R O C E S S  ---------------

Java Threads: ( => current thread )
  0x000000001770b000 JavaThread "SIGINT handler" daemon [_thread_blocked, id=7144, stack(0x000000001a3b0000,0x000000001a4b0000)]
  0x00000000192bc800 JavaThread "Service Thread" daemon [_thread_blocked, id=12112, stack(0x0000000019aa0000,0x0000000019ba0000)]
  0x0000000019286000 JavaThread "C1 CompilerThread2" daemon [_thread_blocked, id=13032, stack(0x00000000199a0000,0x0000000019aa0000)]
  0x0000000019232800 JavaThread "C2 CompilerThread1" daemon [_thread_blocked, id=4396, stack(0x00000000198a0000,0x00000000199a0000)]
  0x0000000019203000 JavaThread "C2 CompilerThread0" daemon [_thread_blocked, id=1308, stack(0x00000000197a0000,0x00000000198a0000)]
  0x0000000017707800 JavaThread "JDWP Event Helper Thread" daemon [_thread_blocked, id=284, stack(0x0000000018e60000,0x0000000018f60000)]
  0x00000000176ef800 JavaThread "Attach Listener" daemon [_thread_blocked, id=11988, stack(0x0000000018c60000,0x0000000018d60000)]
  0x00000000176ee800 JavaThread "Signal Dispatcher" daemon [_thread_blocked, id=8520, stack(0x0000000018b60000,0x0000000018c60000)]
  0x00000000176da000 JavaThread "Finalizer" daemon [_thread_blocked, id=12488, stack(0x0000000018960000,0x0000000018a60000)]
  0x0000000002b73000 JavaThread "Reference Handler" daemon [_thread_blocked, id=10808, stack(0x0000000018860000,0x0000000018960000)]
=>0x0000000002a83800 JavaThread "main" [_thread_in_native, id=5176, stack(0x0000000002780000,0x0000000002880000)]

Other Threads:
  0x00000000176b8000 VMThread [stack: 0x0000000018760000,0x0000000018860000] [id=10728]
  0x00000000192fc800 WatcherThread [stack: 0x0000000019ba0000,0x0000000019ca0000] [id=10460]

VM state:not at safepoint (normal execution)

VM Mutex/Monitor currently owned by a thread: None

Heap:
 PSYoungGen      total 38400K, used 8746K [0x00000000d5c00000, 0x00000000d8680000, 0x0000000100000000)
  eden space 33280K, 26% used [0x00000000d5c00000,0x00000000d648aa68,0x00000000d7c80000)
  from space 5120K, 0% used [0x00000000d8180000,0x00000000d8180000,0x00000000d8680000)
  to   space 5120K, 0% used [0x00000000d7c80000,0x00000000d7c80000,0x00000000d8180000)
 ParOldGen       total 87552K, used 0K [0x0000000081400000, 0x0000000086980000, 0x00000000d5c00000)
  object space 87552K, 0% used [0x0000000081400000,0x0000000081400000,0x0000000086980000)
 Metaspace       used 4442K, capacity 4916K, committed 5120K, reserved 1056768K
  class space    used 485K, capacity 496K, committed 512K, reserved 1048576K

Card table byte_map: [0x0000000011f40000,0x0000000012340000] byte_map_base: 0x0000000011b36000

Marking Bits: (ParMarkBitMap*) 0x0000000052262d00
 Begin Bits: [0x00000000129f0000, 0x00000000149a0000)
 End Bits:   [0x00000000149a0000, 0x0000000016950000)

Polling page: 0x0000000000cb0000

CodeCache: size=245760Kb used=1370Kb max_used=1370Kb free=244389Kb
 bounds [0x0000000002b80000, 0x0000000002df0000, 0x0000000011b80000]
 total_blobs=433 nmethods=161 adapters=193
 compilation: enabled

Compilation events (10 events):
Event: 24.769 Thread 0x0000000019286000  156       3       java.nio.Buffer::position (43 bytes)
Event: 24.770 Thread 0x0000000019286000 nmethod 156 0x0000000002cd5310 code [0x0000000002cd5480, 0x0000000002cd5768]
Event: 25.120 Thread 0x0000000019286000  157       1       java.lang.ref.Reference::get (5 bytes)
Event: 25.120 Thread 0x0000000019286000 nmethod 157 0x0000000002cd5850 code [0x0000000002cd59a0, 0x0000000002cd5ab0]
Event: 25.122 Thread 0x0000000019286000  158       3       java.util.HashMap$HashIterator::hasNext (13 bytes)
Event: 25.122 Thread 0x0000000019286000 nmethod 158 0x0000000002cd5b10 code [0x0000000002cd5c60, 0x0000000002cd5e10]
Event: 25.122 Thread 0x0000000019286000  159       3       java.util.HashMap$HashIterator::nextNode (100 bytes)
Event: 25.123 Thread 0x0000000019286000 nmethod 159 0x0000000002cd6210 code [0x0000000002cd63c0, 0x0000000002cd6878]
Event: 25.123 Thread 0x0000000019286000  160       3       java.util.HashMap$KeyIterator::next (8 bytes)
Event: 25.123 Thread 0x0000000019286000 nmethod 160 0x0000000002cd6ad0 code [0x0000000002cd6c40, 0x0000000002cd6e68]

GC Heap History (0 events):
No events

Deoptimization events (0 events):
No events

Classes redefined (0 events):
No events

Internal exceptions (7 events):
Event: 0.183 Thread 0x0000000002a83800 Exception <a 'java/lang/NoSuchMethodError': Method sun.misc.Unsafe.defineClass(Ljava/lang/String;[BII)Ljava/lang/Class; name or signature does not match> (0x00000000d5c07cb0) thrown at [C:\re\workspace\8-2-build-windows-amd64-cygwin\jdk8u181\11358\hotspot
Event: 0.183 Thread 0x0000000002a83800 Exception <a 'java/lang/NoSuchMethodError': Method sun.misc.Unsafe.prefetchRead(Ljava/lang/Object;J)V name or signature does not match> (0x00000000d5c07f98) thrown at [C:\re\workspace\8-2-build-windows-amd64-cygwin\jdk8u181\11358\hotspot\src\share\vm\prim
Event: 0.522 Thread 0x0000000002a83800 Exception <a 'java/security/PrivilegedActionException'> (0x00000000d5e12af0) thrown at [C:\re\workspace\8-2-build-windows-amd64-cygwin\jdk8u181\11358\hotspot\src\share\vm\prims\jvm.cpp, line 1435]
Event: 0.522 Thread 0x0000000002a83800 Exception <a 'java/security/PrivilegedActionException'> (0x00000000d5e12d00) thrown at [C:\re\workspace\8-2-build-windows-amd64-cygwin\jdk8u181\11358\hotspot\src\share\vm\prims\jvm.cpp, line 1435]
Event: 0.529 Thread 0x0000000002a83800 Exception <a 'java/security/PrivilegedActionException'> (0x00000000d5e16c10) thrown at [C:\re\workspace\8-2-build-windows-amd64-cygwin\jdk8u181\11358\hotspot\src\share\vm\prims\jvm.cpp, line 1435]
Event: 0.531 Thread 0x0000000002a83800 Exception <a 'java/security/PrivilegedActionException'> (0x00000000d5e16e20) thrown at [C:\re\workspace\8-2-build-windows-amd64-cygwin\jdk8u181\11358\hotspot\src\share\vm\prims\jvm.cpp, line 1435]
Event: 24.763 Thread 0x0000000002a83800 Exception <a 'be/derycke/pieter/com/COMException'> (0x00000000d6277fc8) thrown at [C:\re\workspace\8-2-build-windows-amd64-cygwin\jdk8u181\11358\hotspot\src\share\vm\prims\jni.cpp, line 709]

Events (10 events):
Event: 24.764 loading class java/util/IdentityHashMap$KeySet
Event: 24.764 loading class java/util/IdentityHashMap$KeySet done
Event: 25.113 loading class sun/misc/Signal$1
Event: 25.113 loading class sun/misc/Signal$1 done
Event: 25.114 Thread 0x000000001770b000 Thread added: 0x000000001770b000
Event: 25.115 loading class java/util/IdentityHashMap$KeyIterator
Event: 25.115 loading class java/util/IdentityHashMap$IdentityHashMapIterator
Event: 25.115 loading class java/util/IdentityHashMap$IdentityHashMapIterator done
Event: 25.115 loading class java/util/IdentityHashMap$KeyIterator done
Event: 25.117 Thread 0x0000000019432800 Thread added: 0x0000000019432800


Dynamic libraries:
0x00007ff758c00000 - 0x00007ff758c37000 	C:\Program Files\Java\jdk1.8.0_181\bin\java.exe
0x00007ffc4fad0000 - 0x00007ffc4fcbd000 	C:\WINDOWS\SYSTEM32\ntdll.dll
0x00007ffc4f340000 - 0x00007ffc4f3f3000 	C:\WINDOWS\System32\KERNEL32.DLL
0x00007ffc4bfa0000 - 0x00007ffc4c233000 	C:\WINDOWS\System32\KERNELBASE.dll
0x00007ffc4f9f0000 - 0x00007ffc4fa93000 	C:\WINDOWS\System32\ADVAPI32.dll
0x00007ffc4f170000 - 0x00007ffc4f20e000 	C:\WINDOWS\System32\msvcrt.dll
0x00007ffc4f7b0000 - 0x00007ffc4f84e000 	C:\WINDOWS\System32\sechost.dll
0x00007ffc4f210000 - 0x00007ffc4f332000 	C:\WINDOWS\System32\RPCRT4.dll
0x00007ffc4f850000 - 0x00007ffc4f9e7000 	C:\WINDOWS\System32\USER32.dll
0x00007ffc4bba0000 - 0x00007ffc4bbc0000 	C:\WINDOWS\System32\win32u.dll
0x00007ffc4e600000 - 0x00007ffc4e629000 	C:\WINDOWS\System32\GDI32.dll
0x00007ffc4bd70000 - 0x00007ffc4bf0a000 	C:\WINDOWS\System32\gdi32full.dll
0x00007ffc4c990000 - 0x00007ffc4ca30000 	C:\WINDOWS\System32\msvcp_win.dll
0x00007ffc4bbc0000 - 0x00007ffc4bcba000 	C:\WINDOWS\System32\ucrtbase.dll
0x00007ffc3be20000 - 0x00007ffc3c099000 	C:\WINDOWS\WinSxS\amd64_microsoft.windows.common-controls_6595b64144ccf1df_6.0.17763.379_none_05b83be8071c94a1\COMCTL32.dll
0x00007ffc4e2d0000 - 0x00007ffc4e5fd000 	C:\WINDOWS\System32\combase.dll
0x00007ffc4caa0000 - 0x00007ffc4cb1e000 	C:\WINDOWS\System32\bcryptPrimitives.dll
0x00007ffc4ea40000 - 0x00007ffc4ea6e000 	C:\WINDOWS\System32\IMM32.DLL
0x00007ffc4aca0000 - 0x00007ffc4acd1000 	C:\WINDOWS\SYSTEM32\ntmarta.dll
0x00007ffc4b9d0000 - 0x00007ffc4b9ff000 	C:\WINDOWS\SYSTEM32\SspiCli.dll
0x00000000522f0000 - 0x00000000523c2000 	C:\Program Files\Java\jdk1.8.0_181\jre\bin\msvcr100.dll
0x0000000051a40000 - 0x00000000522e2000 	C:\Program Files\Java\jdk1.8.0_181\jre\bin\server\jvm.dll
0x00007ffc4cd70000 - 0x00007ffc4cd78000 	C:\WINDOWS\System32\PSAPI.DLL
0x00007ffc473b0000 - 0x00007ffc473b9000 	C:\WINDOWS\SYSTEM32\WSOCK32.dll
0x00007ffc4f740000 - 0x00007ffc4f7ad000 	C:\WINDOWS\System32\WS2_32.dll
0x00007ffc43ca0000 - 0x00007ffc43cc4000 	C:\WINDOWS\SYSTEM32\WINMM.dll
0x00007ffc45d40000 - 0x00007ffc45d4a000 	C:\WINDOWS\SYSTEM32\VERSION.dll
0x00007ffc43c70000 - 0x00007ffc43c9d000 	C:\WINDOWS\SYSTEM32\WINMMBASE.dll
0x00007ffc4ca30000 - 0x00007ffc4ca7a000 	C:\WINDOWS\System32\cfgmgr32.dll
0x0000000051a30000 - 0x0000000051a3f000 	C:\Program Files\Java\jdk1.8.0_181\jre\bin\verify.dll
0x0000000051a00000 - 0x0000000051a29000 	C:\Program Files\Java\jdk1.8.0_181\jre\bin\java.dll
0x0000000051960000 - 0x0000000051995000 	C:\Program Files\Java\jdk1.8.0_181\jre\bin\jdwp.dll
0x0000000051950000 - 0x0000000051958000 	C:\Program Files\Java\jdk1.8.0_181\jre\bin\npt.dll
0x0000000051920000 - 0x0000000051943000 	C:\Program Files\Java\jdk1.8.0_181\jre\bin\instrument.dll
0x00000000519e0000 - 0x00000000519f6000 	C:\Program Files\Java\jdk1.8.0_181\jre\bin\zip.dll
0x00007ffc4cd80000 - 0x00007ffc4e270000 	C:\WINDOWS\System32\SHELL32.dll
0x00007ffc4eba0000 - 0x00007ffc4ec48000 	C:\WINDOWS\System32\shcore.dll
0x00007ffc4c240000 - 0x00007ffc4c98a000 	C:\WINDOWS\System32\windows.storage.dll
0x00007ffc4bb50000 - 0x00007ffc4bb74000 	C:\WINDOWS\System32\profapi.dll
0x00007ffc4baf0000 - 0x00007ffc4bb4d000 	C:\WINDOWS\System32\powrprof.dll
0x00007ffc4e270000 - 0x00007ffc4e2c2000 	C:\WINDOWS\System32\shlwapi.dll
0x00007ffc4bad0000 - 0x00007ffc4bae1000 	C:\WINDOWS\System32\kernel.appcore.dll
0x00007ffc4ca80000 - 0x00007ffc4ca97000 	C:\WINDOWS\System32\cryptsp.dll
0x0000000051910000 - 0x0000000051919000 	C:\Program Files\Java\jdk1.8.0_181\jre\bin\dt_socket.dll
0x00007ffc4b350000 - 0x00007ffc4b3b7000 	C:\WINDOWS\system32\mswsock.dll
0x00007ffc4af10000 - 0x00007ffc4af43000 	C:\WINDOWS\system32\rsaenh.dll
0x00007ffc4bf70000 - 0x00007ffc4bf96000 	C:\WINDOWS\System32\bcrypt.dll
0x00007ffc4ba00000 - 0x00007ffc4ba28000 	C:\WINDOWS\SYSTEM32\USERENV.dll
0x00007ffc4b520000 - 0x00007ffc4b52c000 	C:\WINDOWS\SYSTEM32\CRYPTBASE.dll
0x00000000519c0000 - 0x00000000519da000 	C:\Program Files\Java\jdk1.8.0_181\jre\bin\net.dll
0x00007ffc4b0b0000 - 0x00007ffc4b0ed000 	C:\WINDOWS\SYSTEM32\IPHLPAPI.DLL
0x00007ffc4cd00000 - 0x00007ffc4cd08000 	C:\WINDOWS\System32\NSI.dll
0x00007ffc43c20000 - 0x00007ffc43c36000 	C:\WINDOWS\SYSTEM32\dhcpcsvc6.DLL
0x00007ffc45b80000 - 0x00007ffc45b9c000 	C:\WINDOWS\SYSTEM32\dhcpcsvc.DLL
0x00007ffc4b0f0000 - 0x00007ffc4b1b6000 	C:\WINDOWS\SYSTEM32\DNSAPI.dll
0x00000000519a0000 - 0x00000000519b1000 	C:\Program Files\Java\jdk1.8.0_181\jre\bin\nio.dll
0x00007ffc49740000 - 0x00007ffc49755000 	C:\Users\quinc\Github\Projects\PAC\src\PacApp\src\Libraries\jmtp64.dll
0x00007ffc4e7a0000 - 0x00007ffc4e8f5000 	C:\WINDOWS\System32\ole32.dll
0x00007ffc4e970000 - 0x00007ffc4ea3b000 	C:\WINDOWS\System32\OLEAUT32.dll
0x00007ffc37b30000 - 0x00007ffc37bcb000 	C:\WINDOWS\SYSTEM32\MSVCP140.dll
0x00007ffc38810000 - 0x00007ffc38826000 	C:\WINDOWS\SYSTEM32\VCRUNTIME140.dll
0x00007ffc4f690000 - 0x00007ffc4f732000 	C:\WINDOWS\System32\clbcatq.dll
0x00007ffc45ba0000 - 0x00007ffc45c3f000 	C:\Windows\System32\PortableDeviceApi.dll
0x00007ffc4ec70000 - 0x00007ffc4f0e5000 	C:\WINDOWS\System32\SETUPAPI.dll
0x00007ffc4b8e0000 - 0x00007ffc4b909000 	C:\WINDOWS\System32\DEVOBJ.dll
0x00007ffc45410000 - 0x00007ffc45440000 	C:\Windows\System32\PortableDeviceTypes.dll
0x00007ffc48430000 - 0x00007ffc485d8000 	C:\Windows\System32\PROPSYS.dll
0x00007ffc4bf10000 - 0x00007ffc4bf69000 	C:\WINDOWS\System32\WINTRUST.dll
0x00007ffc4bb80000 - 0x00007ffc4bb92000 	C:\WINDOWS\System32\MSASN1.dll
0x00007ffc4cb20000 - 0x00007ffc4ccfb000 	C:\WINDOWS\System32\CRYPT32.dll
0x00007ffc37920000 - 0x00007ffc37b0d000 	C:\WINDOWS\SYSTEM32\dbghelp.dll

VM Arguments:
jvm_args: -agentlib:jdwp=transport=dt_socket,address=127.0.0.1:50385,suspend=y,server=n -Djava.library.path=C:\Users\quinc\Github\Projects\PAC\src\PacApp\src\Libraries -javaagent:C:\Users\quinc\.IntelliJIdea2018.3\system\captureAgent\debugger-agent.jar -Dfile.encoding=UTF-8 
java_command: pacapp.TransferTest
java_class_path (initial): C:\Program Files\Java\jdk1.8.0_181\jre\lib\charsets.jar;C:\Program Files\Java\jdk1.8.0_181\jre\lib\deploy.jar;C:\Program Files\Java\jdk1.8.0_181\jre\lib\ext\access-bridge-64.jar;C:\Program Files\Java\jdk1.8.0_181\jre\lib\ext\cldrdata.jar;C:\Program Files\Java\jdk1.8.0_181\jre\lib\ext\dnsns.jar;C:\Program Files\Java\jdk1.8.0_181\jre\lib\ext\jaccess.jar;C:\Program Files\Java\jdk1.8.0_181\jre\lib\ext\jfxrt.jar;C:\Program Files\Java\jdk1.8.0_181\jre\lib\ext\localedata.jar;C:\Program Files\Java\jdk1.8.0_181\jre\lib\ext\nashorn.jar;C:\Program Files\Java\jdk1.8.0_181\jre\lib\ext\sunec.jar;C:\Program Files\Java\jdk1.8.0_181\jre\lib\ext\sunjce_provider.jar;C:\Program Files\Java\jdk1.8.0_181\jre\lib\ext\sunmscapi.jar;C:\Program Files\Java\jdk1.8.0_181\jre\lib\ext\sunpkcs11.jar;C:\Program Files\Java\jdk1.8.0_181\jre\lib\ext\zipfs.jar;C:\Program Files\Java\jdk1.8.0_181\jre\lib\javaws.jar;C:\Program Files\Java\jdk1.8.0_181\jre\lib\jce.jar;C:\Program Files\Java\jdk1.8.0_181\jre\lib\jfr.jar;C:\Program Files\Java\jdk1.8.0_181\jre\lib\jfxswt.jar;C:\Program Files\Java\jdk1.8.0_181\jre\lib\jsse.jar;C:\Program Files\Java\jdk1.8.0_181\jre\lib\management-agent.jar;C:\Program Files\Java\jdk1.8.0_181\jre\lib\plugin.jar;C:\Program Files\Java\jdk1.8.0_181\jre\lib\resources.jar;C:\Program Files\Java\jdk1.8.0_181\jre\lib\rt.jar;C:\Users\quinc\Github\Projects\PAC\src\transfere\out\production\PAC;C:\Users\quinc\Github\Projects\PAC\src\Libraries\jdom-1.0.jar;C:\Users\quinc\Github\Projects\PAC\src\Libraries\jmtp.jar;C:\Users\quinc\Github\Projects\PAC\src\Libraries\json-20180813.jar;C:\Users\quinc\Github\Projects\PAC\src\Libraries\rome-1.0.jar;C:\Users\quinc\Github\Projects\PAC\src\Libraries\sqlite-jdbc-3.23.1.jar;C:\Users\quinc\Github\Projects\PAC\src\Libraries\tika-app-1.20.jar;D:\Program Files\JetBrains\IntelliJ IDEA 2018.2.3\lib\idea_rt.jar;C:\Users\quinc\.IntelliJIdea2018.3\system\captureAgent\debugger-agent.jar
Launcher Type: SUN_STANDARD

Environment Variables:
JAVA_HOME=C:\Program Files (x86)\Java\jdk1.8.0_181
PATH=C:\Program Files (x86)\Common Files\Oracle\Java\javapath;C:\Windows\system32;C:\Windows;C:\Windows\System32\Wbem;C:\Windows\System32\WindowsPowerShell\v1.0\;C:\Windows\System32\OpenSSH\;C:\Program Files\PuTTY\;C:\Program Files\dotnet\;C:\Program Files\Microsoft SQL Server\130\Tools\Binn\;C:\Program Files\NVIDIA Corporation\NVIDIA NvDLISR;C:\Program Files (x86)\NVIDIA Corporation\PhysX\Common;C:\WINDOWS\system32;C:\WINDOWS;C:\WINDOWS\System32\Wbem;C:\WINDOWS\System32\WindowsPowerShell\v1.0\;C:\WINDOWS\System32\OpenSSH\;C:\Program Files\Git\cmd;C:\Users\quinc\AppData\Local\Microsoft\WindowsApps;C:\Users\quinc\AppData\Local\Programs\Microsoft VS Code\bin;C:\Users\quinc\AppData\Roaming\Dashlane\6.1841.0.13779\bin\Firefox_Extension\{442718d9-475e-452a-b3e1-fb1ee16b8e9f}\components;C:\Users\quinc\AppData\Roaming\Dashlane\6.1841.0.13779\ucrt;C:\Users\quinc\AppData\Roaming\Dashlane\6.1841.0.13779\bin\Qt;C:\Users\quinc\AppData\Roaming\Dashlane\6.1841.0.13779\bin\Ssl;C:\Users\quinc\AppData\Local\GitHubDesktop\bin;C:\Users\quinc\AppData\Local\Microsoft\WindowsApps;C:\Users\quinc\AppData\Local\atom\bin
USERNAME=quinc
OS=Windows_NT
PROCESSOR_IDENTIFIER=Intel64 Family 6 Model 61 Stepping 4, GenuineIntel



---------------  S Y S T E M  ---------------

OS: Windows 10.0 , 64 bit Build 17763 (10.0.17763.379)

CPU:total 4 (initial active 4) (2 cores per cpu, 2 threads per core) family 6 model 61 stepping 4, cmov, cx8, fxsr, mmx, sse, sse2, sse3, ssse3, sse4.1, sse4.2, popcnt, avx, avx2, aes, clmul, erms, 3dnowpref, lzcnt, ht, tsc, tscinvbit, bmi1, bmi2, adx

Memory: 4k page, physical 8301000k(2776820k free), swap 9611720k(1846144k free)

vm_info: Java HotSpot(TM) 64-Bit Server VM (25.181-b13) for windows-amd64 JRE (1.8.0_181-b13), built on Jul  7 2018 04:01:33 by "java_re" with MS VC++ 10.0 (VS2010)

time: Tue Apr 09 15:15:17 2019
elapsed time: 25 seconds (0d 0h 0m 25s)

