#
# A fatal error has been detected by the Java Runtime Environment:
#
#  EXCEPTION_ACCESS_VIOLATION (0xc0000005) at pc=0x00007ffbb88437b4, pid=10844, tid=0x0000000000003ba0
#
# JRE version: Java(TM) SE Runtime Environment (8.0_201-b09) (build 1.8.0_201-b09)
# Java VM: Java HotSpot(TM) 64-Bit Server VM (25.201-b09 mixed mode windows-amd64 compressed oops)
# Problematic frame:
# C  [jmtp.dll+0x37b4]
#
# Failed to write core dump. Minidumps are not enabled by default on client versions of Windows
#
# If you would like to submit a bug report, please visit:
#   http://bugreport.java.com/bugreport/crash.jsp
# The crash happened outside the Java Virtual Machine in native code.
# See problematic frame for where to report the bug.
#

---------------  T H R E A D  ---------------

Current thread (0x0000000002763800):  JavaThread "main" [_thread_in_native, id=15264, stack(0x0000000002420000,0x0000000002520000)]

siginfo: ExceptionCode=0xc0000005, reading address 0xffffffffffffffff

Registers:
RAX=0x000000001fe13a30, RBX=0x00000000027639f8, RCX=0x000000001fe13a30, RDX=0x0000000000c7e7b0
RSP=0x000000000251ef60, RBP=0x000000000251eff0, RSI=0x000000076b45de90, RDI=0x000000001bd5fa90
R8 =0x0000000000000004, R9 =0x0000000002757f20, R10=0x000000001bd388d0, R11=0x000000000251ef20
R12=0x0000000000000000, R13=0x000000000251f150, R14=0x000000000251f1e0, R15=0x0000000002763800
RIP=0x00007ffbb88437b4, EFLAGS=0x0000000000010202

Top of Stack: (sp=0x000000000251ef60)
0x000000000251ef60:   00000000027639f8 000000001c2fa738
0x000000000251ef70:   000000001f629ff0 0000000000000004
0x000000000251ef80:   000000076b3fd348 00000000029ab1f9
0x000000000251ef90:   000000001fe63de8 000000076b76f760
0x000000000251efa0:   000000076b76f740 0000000000000000
0x000000000251efb0:   000000076b45de90 000000076b689eb0
0x000000000251efc0:   000000076b768760 000000076b689f40
0x000000000251efd0:   000000076b76f7f0 000000000e619000
0x000000000251efe0:   0000000000000001 00007ffbc393f051
0x000000000251eff0:   000000000251f1b8 00000000029ad3d4
0x000000000251f000:   000000001bd3f408 0aaaaaaaaaaaaaa9
0x000000000251f010:   000000001fe60480 00007ffbc3961395
0x000000000251f020:   0000000000000000 00007ffbc7f388db
0x000000000251f030:   0000000000b08df0 0aaaaaaaaaaaaaa9
0x000000000251f040:   0000000002763800 0000000002763800
0x000000000251f050:   0000000000000001 00000000000000d6 

Instructions: (pc=0x00007ffbb88437b4)
0x00007ffbb8843794:   3b 00 00 48 83 c4 68 5f 5e c3 cc cc 40 53 48 83
0x00007ffbb88437a4:   ec 20 48 8b d9 e8 a2 fe ff ff 48 8b c8 48 8b 10
0x00007ffbb88437b4:   ff 52 30 85 c0 79 17 44 8b c0 48 8d 15 5b 68 00
0x00007ffbb88437c4:   00 48 8b cb 48 83 c4 20 5b e9 4e db ff ff 48 83 


Register to memory mapping:

RAX=0x000000001fe13a30 is an unknown value
RBX=0x00000000027639f8 is an unknown value
RCX=0x000000001fe13a30 is an unknown value
RDX=0x0000000000c7e7b0 is an unknown value
RSP=0x000000000251ef60 is pointing into the stack for thread: 0x0000000002763800
RBP=0x000000000251eff0 is pointing into the stack for thread: 0x0000000002763800
RSI=0x000000076b45de90 is an oop
jmtp.PortableDeviceKeyCollectionImplWin32 
 - klass: 'jmtp/PortableDeviceKeyCollectionImplWin32'
RDI=0x000000001bd5fa90 is pointing into metadata
R8 =0x0000000000000004 is an unknown value
R9 =0x0000000002757f20 is an unknown value
R10={method} {0x000000001bd388d8} 'getMemoryAddress' '()J' in 'be/derycke/pieter/com/COMReference'
R11=0x000000000251ef20 is pointing into the stack for thread: 0x0000000002763800
R12=0x0000000000000000 is an unknown value
R13=0x000000000251f150 is pointing into the stack for thread: 0x0000000002763800
R14=0x000000000251f1e0 is pointing into the stack for thread: 0x0000000002763800
R15=0x0000000002763800 is a thread


Stack: [0x0000000002420000,0x0000000002520000],  sp=0x000000000251ef60,  free space=1019k
Native frames: (J=compiled Java code, j=interpreted, Vv=VM code, C=native code)
C  [jmtp.dll+0x37b4]
C  0x00000000029ab1f9

Java frames: (J=compiled Java code, j=interpreted, Vv=VM code)
J 134  jmtp.PortableDeviceKeyCollectionImplWin32.clear()V (0 bytes) @ 0x00000000029ab17b [0x00000000029ab140+0x3b]
J 139 C1 jmtp.WPDImplWin32.convertToPortableDeviceObject(Ljava/lang/String;Ljmtp/PortableDeviceContentImplWin32;Ljmtp/PortableDevicePropertiesImplWin32;)Ljmtp/PortableDeviceObjectImplWin32; (237 bytes) @ 0x00000000029ad3d4 [0x00000000029ad0a0+0x334]
j  jmtp.PortableDeviceFolderObjectImplWin32.getChildObjects()[Ljmtp/PortableDeviceObject;+36
j  pacapp.Transfer.retEach(Ljmtp/PortableDeviceFolderObject;Ljava/io/File;)V+39
j  pacapp.Transfer.restore()V+319
j  pacapp.TransferTest.main([Ljava/lang/String;)V+74
v  ~StubRoutines::call_stub

---------------  P R O C E S S  ---------------

Java Threads: ( => current thread )
  0x000000001e11d000 JavaThread "SIGINT handler" daemon [_thread_blocked, id=20384, stack(0x0000000020420000,0x0000000020520000)]
  0x000000001e3ef800 JavaThread "Service Thread" daemon [_thread_blocked, id=14408, stack(0x000000001f410000,0x000000001f510000)]
  0x000000001e34c000 JavaThread "C1 CompilerThread3" daemon [_thread_blocked, id=7100, stack(0x000000001f310000,0x000000001f410000)]
  0x000000001e34b800 JavaThread "C2 CompilerThread2" daemon [_thread_blocked, id=10196, stack(0x000000001f210000,0x000000001f310000)]
  0x000000001e34a800 JavaThread "C2 CompilerThread1" daemon [_thread_blocked, id=5332, stack(0x000000001f110000,0x000000001f210000)]
  0x000000001e33f800 JavaThread "C2 CompilerThread0" daemon [_thread_blocked, id=13864, stack(0x000000001f010000,0x000000001f110000)]
  0x000000001e129000 JavaThread "JDWP Event Helper Thread" daemon [_thread_blocked, id=220, stack(0x000000001ead0000,0x000000001ebd0000)]
  0x000000001e113000 JavaThread "Attach Listener" daemon [_thread_blocked, id=17568, stack(0x000000001e8d0000,0x000000001e9d0000)]
  0x000000001e112000 JavaThread "Signal Dispatcher" daemon [_thread_blocked, id=9836, stack(0x000000001e7d0000,0x000000001e8d0000)]
  0x000000000285a000 JavaThread "Finalizer" daemon [_thread_blocked, id=16348, stack(0x000000001e5e0000,0x000000001e6e0000)]
  0x000000001e100800 JavaThread "Reference Handler" daemon [_thread_blocked, id=20224, stack(0x000000001e4e0000,0x000000001e5e0000)]
=>0x0000000002763800 JavaThread "main" [_thread_in_native, id=15264, stack(0x0000000002420000,0x0000000002520000)]

Other Threads:
  0x000000001c2fa000 VMThread [stack: 0x000000001dfe0000,0x000000001e0e0000] [id=13664]
  0x000000001e460800 WatcherThread [stack: 0x000000001f510000,0x000000001f610000] [id=12112]

VM state:not at safepoint (normal execution)

VM Mutex/Monitor currently owned by a thread: None

heap address: 0x00000006c0e00000, size: 4082 MB, Compressed Oops mode: Zero based, Oop shift amount: 3
Narrow klass base: 0x0000000000000000, Narrow klass shift: 3
Compressed class space size: 1073741824 Address: 0x00000007c0000000

Heap:
 PSYoungGen      total 76288K, used 13286K [0x000000076af80000, 0x0000000770480000, 0x00000007c0000000)
  eden space 65536K, 20% used [0x000000076af80000,0x000000076bc79bc0,0x000000076ef80000)
  from space 10752K, 0% used [0x000000076fa00000,0x000000076fa00000,0x0000000770480000)
  to   space 10752K, 0% used [0x000000076ef80000,0x000000076ef80000,0x000000076fa00000)
 ParOldGen       total 175104K, used 0K [0x00000006c0e00000, 0x00000006cb900000, 0x000000076af80000)
  object space 175104K, 0% used [0x00000006c0e00000,0x00000006c0e00000,0x00000006cb900000)
 Metaspace       used 4263K, capacity 4916K, committed 5120K, reserved 1056768K
  class space    used 465K, capacity 496K, committed 512K, reserved 1048576K

Card table byte_map: [0x0000000011c20000,0x0000000012420000] byte_map_base: 0x000000000e619000

Marking Bits: (ParMarkBitMap*) 0x0000000077f74ce0
 Begin Bits: [0x0000000013180000, 0x0000000017148000)
 End Bits:   [0x0000000017148000, 0x000000001b110000)

Polling page: 0x0000000000a50000

CodeCache: size=245760Kb used=1442Kb max_used=1442Kb free=244317Kb
 bounds [0x0000000002860000, 0x0000000002ad0000, 0x0000000011860000]
 total_blobs=455 nmethods=185 adapters=191
 compilation: enabled

Compilation events (10 events):
Event: 130.356 Thread 0x000000001e34c000  181       3       java.io.PrintStream::ensureOpen (18 bytes)
Event: 130.356 Thread 0x000000001e34c000 nmethod 181 0x00000000029be190 code [0x00000000029be300, 0x00000000029be568]
Event: 130.357 Thread 0x000000001e34c000  180       1       sun.nio.cs.StreamEncoder::isOpen (5 bytes)
Event: 130.357 Thread 0x000000001e34c000 nmethod 180 0x00000000029bded0 code [0x00000000029be020, 0x00000000029be130]
Event: 130.457 Thread 0x000000001e34c000  183       3       java.util.HashMap$HashIterator::nextNode (100 bytes)
Event: 130.458 Thread 0x000000001e34c000 nmethod 183 0x00000000029bd250 code [0x00000000029bd400, 0x00000000029bd8d8]
Event: 130.458 Thread 0x000000001e34c000  182       3       java.util.HashMap$HashIterator::hasNext (13 bytes)
Event: 130.458 Thread 0x000000001e34c000 nmethod 182 0x00000000029bced0 code [0x00000000029bd020, 0x00000000029bd1d0]
Event: 130.458 Thread 0x000000001e34c000  184       3       java.util.HashMap$KeyIterator::next (8 bytes)
Event: 130.458 Thread 0x000000001e34c000 nmethod 184 0x00000000029c8b50 code [0x00000000029c8cc0, 0x00000000029c8ee8]

GC Heap History (0 events):
No events

Deoptimization events (0 events):
No events

Classes redefined (0 events):
No events

Internal exceptions (6 events):
Event: 0.051 Thread 0x0000000002763800 Exception <a 'java/lang/NoSuchMethodError': Method sun.misc.Unsafe.defineClass(Ljava/lang/String;[BII)Ljava/lang/Class; name or signature does not match> (0x000000076af87cb0) thrown at [C:\re\workspace\8-2-build-windows-amd64-cygwin\jdk8u201\12322\hotspot
Event: 0.051 Thread 0x0000000002763800 Exception <a 'java/lang/NoSuchMethodError': Method sun.misc.Unsafe.prefetchRead(Ljava/lang/Object;J)V name or signature does not match> (0x000000076af87f98) thrown at [C:\re\workspace\8-2-build-windows-amd64-cygwin\jdk8u201\12322\hotspot\src\share\vm\prim
Event: 3.151 Thread 0x0000000002763800 Exception <a 'java/security/PrivilegedActionException'> (0x000000076b0b4cf0) thrown at [C:\re\workspace\8-2-build-windows-amd64-cygwin\jdk8u201\12322\hotspot\src\share\vm\prims\jvm.cpp, line 1502]
Event: 3.151 Thread 0x0000000002763800 Exception <a 'java/security/PrivilegedActionException'> (0x000000076b0b4f00) thrown at [C:\re\workspace\8-2-build-windows-amd64-cygwin\jdk8u201\12322\hotspot\src\share\vm\prims\jvm.cpp, line 1502]
Event: 3.152 Thread 0x0000000002763800 Exception <a 'java/security/PrivilegedActionException'> (0x000000076b0b8e10) thrown at [C:\re\workspace\8-2-build-windows-amd64-cygwin\jdk8u201\12322\hotspot\src\share\vm\prims\jvm.cpp, line 1502]
Event: 3.152 Thread 0x0000000002763800 Exception <a 'java/security/PrivilegedActionException'> (0x000000076b0b9020) thrown at [C:\re\workspace\8-2-build-windows-amd64-cygwin\jdk8u201\12322\hotspot\src\share\vm\prims\jvm.cpp, line 1502]

Events (10 events):
Event: 130.455 Thread 0x000000001e11d000 Thread added: 0x000000001e11d000
Event: 130.456 loading class java/util/IdentityHashMap$KeySet
Event: 130.456 loading class java/util/IdentityHashMap$KeySet done
Event: 130.456 loading class java/util/IdentityHashMap$KeyIterator
Event: 130.456 loading class java/util/IdentityHashMap$IdentityHashMapIterator
Event: 130.456 loading class java/util/IdentityHashMap$IdentityHashMapIterator done
Event: 130.456 loading class java/util/IdentityHashMap$KeyIterator done
Event: 130.456 Thread 0x000000001e4c9000 Thread added: 0x000000001e4c9000
Event: 130.461 Thread 0x000000001e4c9000 Thread exited: 0x000000001e4c9000
Event: 130.461 loading class java/util/ArrayList$Itr


Dynamic libraries:
0x00007ff76a7c0000 - 0x00007ff76a7f7000 	C:\Program Files\Java\jdk1.8.0_201\bin\java.exe
0x00007ffbcba90000 - 0x00007ffbcbc71000 	C:\WINDOWS\SYSTEM32\ntdll.dll
0x00007ffbca950000 - 0x00007ffbcaa02000 	C:\WINDOWS\System32\KERNEL32.DLL
0x00007ffbc8030000 - 0x00007ffbc82a3000 	C:\WINDOWS\System32\KERNELBASE.dll
0x00007ffbca5b0000 - 0x00007ffbca651000 	C:\WINDOWS\System32\ADVAPI32.dll
0x00007ffbc90b0000 - 0x00007ffbc914e000 	C:\WINDOWS\System32\msvcrt.dll
0x00007ffbcaee0000 - 0x00007ffbcaf3b000 	C:\WINDOWS\System32\sechost.dll
0x00007ffbca660000 - 0x00007ffbca784000 	C:\WINDOWS\System32\RPCRT4.dll
0x00007ffbc8f20000 - 0x00007ffbc90b0000 	C:\WINDOWS\System32\USER32.dll
0x00007ffbc7e60000 - 0x00007ffbc7e80000 	C:\WINDOWS\System32\win32u.dll
0x00007ffbca920000 - 0x00007ffbca948000 	C:\WINDOWS\System32\GDI32.dll
0x00007ffbc8d80000 - 0x00007ffbc8f12000 	C:\WINDOWS\System32\gdi32full.dll
0x00007ffbc8a40000 - 0x00007ffbc8adf000 	C:\WINDOWS\System32\msvcp_win.dll
0x00007ffbc7f30000 - 0x00007ffbc8028000 	C:\WINDOWS\System32\ucrtbase.dll
0x00007ffbbf430000 - 0x00007ffbbf699000 	C:\WINDOWS\WinSxS\amd64_microsoft.windows.common-controls_6595b64144ccf1df_6.0.17134.648_none_fb45a0e93062a6d2\COMCTL32.dll
0x00007ffbcb120000 - 0x00007ffbcb442000 	C:\WINDOWS\System32\combase.dll
0x00007ffbc89c0000 - 0x00007ffbc8a3a000 	C:\WINDOWS\System32\bcryptPrimitives.dll
0x00007ffbca790000 - 0x00007ffbca7bd000 	C:\WINDOWS\System32\IMM32.DLL
0x00007ffbc6fa0000 - 0x00007ffbc6fd1000 	C:\WINDOWS\SYSTEM32\ntmarta.dll
0x00007ffbc7cd0000 - 0x00007ffbc7d00000 	C:\WINDOWS\SYSTEM32\SspiCli.dll
0x00000000516c0000 - 0x0000000051791000 	C:\Program Files\Java\jdk1.8.0_201\jre\bin\msvcr100.dll
0x0000000077750000 - 0x0000000077ff4000 	C:\Program Files\Java\jdk1.8.0_201\jre\bin\server\jvm.dll
0x00007ffbcb4f0000 - 0x00007ffbcb4f8000 	C:\WINDOWS\System32\PSAPI.DLL
0x00007ffbc4cc0000 - 0x00007ffbc4cc9000 	C:\WINDOWS\SYSTEM32\WSOCK32.dll
0x00007ffbcae70000 - 0x00007ffbcaedc000 	C:\WINDOWS\System32\WS2_32.dll
0x00007ffbc3ff0000 - 0x00007ffbc4013000 	C:\WINDOWS\SYSTEM32\WINMM.dll
0x00007ffbc2fa0000 - 0x00007ffbc2faa000 	C:\WINDOWS\SYSTEM32\VERSION.dll
0x00007ffbc3fa0000 - 0x00007ffbc3fca000 	C:\WINDOWS\SYSTEM32\WINMMBASE.dll
0x00007ffbc8b40000 - 0x00007ffbc8b89000 	C:\WINDOWS\System32\cfgmgr32.dll
0x00007ffbc4c50000 - 0x00007ffbc4c5f000 	C:\Program Files\Java\jdk1.8.0_201\jre\bin\verify.dll
0x00007ffbc4c20000 - 0x00007ffbc4c49000 	C:\Program Files\Java\jdk1.8.0_201\jre\bin\java.dll
0x00007ffbb5620000 - 0x00007ffbb5655000 	C:\Program Files\Java\jdk1.8.0_201\jre\bin\jdwp.dll
0x00007ffbc34e0000 - 0x00007ffbc34e8000 	C:\Program Files\Java\jdk1.8.0_201\jre\bin\npt.dll
0x00007ffbb7540000 - 0x00007ffbb7563000 	C:\Program Files\Java\jdk1.8.0_201\jre\bin\instrument.dll
0x00007ffbc0700000 - 0x00007ffbc0716000 	C:\Program Files\Java\jdk1.8.0_201\jre\bin\zip.dll
0x00007ffbc9150000 - 0x00007ffbca590000 	C:\WINDOWS\System32\SHELL32.dll
0x00007ffbcb9b0000 - 0x00007ffbcba59000 	C:\WINDOWS\System32\shcore.dll
0x00007ffbc82b0000 - 0x00007ffbc89bd000 	C:\WINDOWS\System32\windows.storage.dll
0x00007ffbcaae0000 - 0x00007ffbcab31000 	C:\WINDOWS\System32\shlwapi.dll
0x00007ffbc7e40000 - 0x00007ffbc7e51000 	C:\WINDOWS\System32\kernel.appcore.dll
0x00007ffbc7e20000 - 0x00007ffbc7e3f000 	C:\WINDOWS\System32\profapi.dll
0x00007ffbc7da0000 - 0x00007ffbc7dec000 	C:\WINDOWS\System32\powrprof.dll
0x00007ffbc7df0000 - 0x00007ffbc7dfa000 	C:\WINDOWS\System32\FLTLIB.DLL
0x00007ffbc0690000 - 0x00007ffbc0699000 	C:\Program Files\Java\jdk1.8.0_201\jre\bin\dt_socket.dll
0x00007ffbc7620000 - 0x00007ffbc7686000 	C:\WINDOWS\system32\mswsock.dll
0x00007ffbc77e0000 - 0x00007ffbc77f7000 	C:\WINDOWS\SYSTEM32\CRYPTSP.dll
0x00007ffbc7200000 - 0x00007ffbc7233000 	C:\WINDOWS\system32\rsaenh.dll
0x00007ffbc7900000 - 0x00007ffbc7925000 	C:\WINDOWS\SYSTEM32\bcrypt.dll
0x00007ffbc7ca0000 - 0x00007ffbc7cc8000 	C:\WINDOWS\SYSTEM32\USERENV.dll
0x00007ffbc77d0000 - 0x00007ffbc77db000 	C:\WINDOWS\SYSTEM32\CRYPTBASE.dll
0x00007ffbc0600000 - 0x00007ffbc061a000 	C:\Program Files\Java\jdk1.8.0_201\jre\bin\net.dll
0x00007ffbbe690000 - 0x00007ffbbe858000 	C:\WINDOWS\SYSTEM32\urlmon.dll
0x00007ffbbea10000 - 0x00007ffbbecb5000 	C:\WINDOWS\SYSTEM32\iertutil.dll
0x00007ffbc73a0000 - 0x00007ffbc73d8000 	C:\WINDOWS\SYSTEM32\IPHLPAPI.DLL
0x00007ffbcaf40000 - 0x00007ffbcaf48000 	C:\WINDOWS\System32\NSI.dll
0x00007ffbb90a0000 - 0x00007ffbb90b6000 	C:\WINDOWS\SYSTEM32\dhcpcsvc6.DLL
0x00007ffbb9080000 - 0x00007ffbb909a000 	C:\WINDOWS\SYSTEM32\dhcpcsvc.DLL
0x00007ffbc05e0000 - 0x00007ffbc05f1000 	C:\Program Files\Java\jdk1.8.0_201\jre\bin\nio.dll
0x00007ffbb8840000 - 0x00007ffbb8855000 	C:\Users\quinc\Github\Projects\PAC\src\Libraries\jmtp.dll
0x00007ffbca7c0000 - 0x00007ffbca911000 	C:\WINDOWS\System32\ole32.dll
0x00007ffbcaa10000 - 0x00007ffbcaad3000 	C:\WINDOWS\System32\OLEAUT32.dll
0x00007ffbae1a0000 - 0x00007ffbae23b000 	C:\WINDOWS\SYSTEM32\MSVCP140.dll
0x00007ffbae180000 - 0x00007ffbae196000 	C:\WINDOWS\SYSTEM32\VCRUNTIME140.dll
0x00007ffbcb450000 - 0x00007ffbcb4f0000 	C:\WINDOWS\System32\clbcatq.dll
0x00007ffbc3920000 - 0x00007ffbc39bc000 	C:\Windows\System32\PortableDeviceApi.dll
0x00007ffbcb560000 - 0x00007ffbcb9ab000 	C:\WINDOWS\System32\SETUPAPI.dll
0x00007ffbc7bb0000 - 0x00007ffbc7bd7000 	C:\WINDOWS\System32\DEVOBJ.dll
0x00007ffb91cb0000 - 0x00007ffb91ce0000 	C:\Windows\System32\PortableDeviceTypes.dll
0x00007ffbc3de0000 - 0x00007ffbc3f94000 	C:\Windows\System32\PROPSYS.dll
0x00007ffbc8ae0000 - 0x00007ffbc8b37000 	C:\WINDOWS\System32\WINTRUST.dll
0x00007ffbc7e00000 - 0x00007ffbc7e12000 	C:\WINDOWS\System32\MSASN1.dll
0x00007ffbc8b90000 - 0x00007ffbc8d72000 	C:\WINDOWS\System32\CRYPT32.dll
0x00007ffbb5e40000 - 0x00007ffbb6009000 	C:\WINDOWS\SYSTEM32\dbghelp.dll

VM Arguments:
jvm_args: -agentlib:jdwp=transport=dt_socket,address=127.0.0.1:54663,suspend=y,server=n -Djava.library.path=C:\Users\quinc\Github\Projects\PAC\src\Libraries -javaagent:C:\Users\quinc\.IntelliJIdea2018.3\system\captureAgent\debugger-agent.jar -Dfile.encoding=UTF-8 
java_command: pacapp.TransferTest
java_class_path (initial): C:\Program Files\Java\jdk1.8.0_201\jre\lib\charsets.jar;C:\Program Files\Java\jdk1.8.0_201\jre\lib\deploy.jar;C:\Program Files\Java\jdk1.8.0_201\jre\lib\ext\access-bridge-64.jar;C:\Program Files\Java\jdk1.8.0_201\jre\lib\ext\cldrdata.jar;C:\Program Files\Java\jdk1.8.0_201\jre\lib\ext\dnsns.jar;C:\Program Files\Java\jdk1.8.0_201\jre\lib\ext\jaccess.jar;C:\Program Files\Java\jdk1.8.0_201\jre\lib\ext\jfxrt.jar;C:\Program Files\Java\jdk1.8.0_201\jre\lib\ext\localedata.jar;C:\Program Files\Java\jdk1.8.0_201\jre\lib\ext\nashorn.jar;C:\Program Files\Java\jdk1.8.0_201\jre\lib\ext\sunec.jar;C:\Program Files\Java\jdk1.8.0_201\jre\lib\ext\sunjce_provider.jar;C:\Program Files\Java\jdk1.8.0_201\jre\lib\ext\sunmscapi.jar;C:\Program Files\Java\jdk1.8.0_201\jre\lib\ext\sunpkcs11.jar;C:\Program Files\Java\jdk1.8.0_201\jre\lib\ext\zipfs.jar;C:\Program Files\Java\jdk1.8.0_201\jre\lib\javaws.jar;C:\Program Files\Java\jdk1.8.0_201\jre\lib\jce.jar;C:\Program Files\Java\jdk1.8.0_201\jre\lib\jfr.jar;C:\Program Files\Java\jdk1.8.0_201\jre\lib\jfxswt.jar;C:\Program Files\Java\jdk1.8.0_201\jre\lib\jmtp.jar;C:\Program Files\Java\jdk1.8.0_201\jre\lib\jsse.jar;C:\Program Files\Java\jdk1.8.0_201\jre\lib\management-agent.jar;C:\Program Files\Java\jdk1.8.0_201\jre\lib\plugin.jar;C:\Program Files\Java\jdk1.8.0_201\jre\lib\resources.jar;C:\Program Files\Java\jdk1.8.0_201\jre\lib\rt.jar;C:\Users\quinc\Github\Projects\PAC\src\transfere\out\production\PAC;C:\Users\quinc\Github\Projects\PAC\src\Libraries\jdom-1.0.jar;C:\Users\quinc\Github\Projects\PAC\src\Libraries\jmtp.jar;C:\Users\quinc\Github\Projects\PAC\src\Libraries\json-20180813.jar;C:\Users\quinc\Github\Projects\PAC\src\Libraries\rome-1.0.jar;C:\Users\quinc\Github\Projects\PAC\src\Libraries\sqlite-jdbc-3.23.1.jar;C:\Users\quinc\Github\Projects\PAC\src\Libraries\tika-app-1.20.jar;C:\Program Files\JetBrains\IntelliJ IDEA 2018.3.3\lib\idea_rt.jar;C:\Users\quinc\.IntelliJIdea2018.3\system\captureAgent\debugger-agent.jar
Launcher Type: SUN_STANDARD

Environment Variables:
PATH=C:\Program Files (x86)\Common Files\Oracle\Java\javapath;C:\Program Files (x86)\Intel\iCLS Client\;C:\Program Files\Intel\iCLS Client\;C:\ProgramData\Oracle\Java\javapath;C:\WINDOWS\system32;C:\WINDOWS;C:\WINDOWS\System32\Wbem;C:\WINDOWS\System32\WindowsPowerShell\v1.0\;C:\Program Files (x86)\Intel\Intel(R) Management Engine Components\DAL;C:\Program Files\Intel\Intel(R) Management Engine Components\DAL;C:\Program Files (x86)\Intel\Intel(R) Management Engine Components\IPT;C:\Program Files\Intel\Intel(R) Management Engine Components\IPT;C:\Program Files (x86)\NVIDIA Corporation\PhysX\Common;C:\Program Files\Git\cmd;C:\WINDOWS\system32;C:\WINDOWS;C:\WINDOWS\System32\Wbem;C:\WINDOWS\System32\WindowsPowerShell\v1.0\;C:\Program Files\dotnet\;C:\WINDOWS\System32\OpenSSH\;D:\Program Files\PuTTY\;C:\Program Files\NVIDIA Corporation\NVIDIA NvDLISR;C:\Program Files\NVIDIA Corporation\NVIDIA NGX;C:\Users\quinc\AppData\Local\Microsoft\WindowsApps;C:\Users\quinc\AppData\Local\Microsoft\WindowsApps;C:\Users\quinc\AppData\Local\GitHubDesktop\bin;C:\Users\quinc\AppData\Local\atom\bin
USERNAME=quinc
OS=Windows_NT
PROCESSOR_IDENTIFIER=Intel64 Family 6 Model 60 Stepping 3, GenuineIntel



---------------  S Y S T E M  ---------------

OS: Windows 10.0 , 64 bit Build 17134 (10.0.17134.648)

CPU:total 8 (initial active 8) (4 cores per cpu, 2 threads per core) family 6 model 60 stepping 3, cmov, cx8, fxsr, mmx, sse, sse2, sse3, ssse3, sse4.1, sse4.2, popcnt, avx, avx2, aes, clmul, erms, lzcnt, ht, tsc, tscinvbit, bmi1, bmi2

Memory: 4k page, physical 16719840k(9072316k free), swap 19210208k(8672348k free)

vm_info: Java HotSpot(TM) 64-Bit Server VM (25.201-b09) for windows-amd64 JRE (1.8.0_201-b09), built on Dec 15 2018 18:36:39 by "java_re" with MS VC++ 10.0 (VS2010)

time: Wed Apr 10 00:38:42 2019
timezone: Eastern Daylight Time
elapsed time: 130 seconds (0d 0h 2m 10s)

